2026-03-19 01:34:38,106 [INFO] 
############################################################
2026-03-19 01:34:38,106 [INFO] # 开始监控 - 2026-03-19 01:34:38 (晚上场)
2026-03-19 01:34:38,106 [INFO] ############################################################
2026-03-19 01:34:38,107 [INFO] 
==================================================
2026-03-19 01:34:38,107 [INFO] 处理股票: 龙旗科技 坐标(256, 286)
2026-03-19 01:34:38,107 [INFO]   点击坐标 (256, 286)
2026-03-19 01:34:39,533 [INFO]   操作序列 [1/5] 点击(1800, 110)
2026-03-19 01:34:39,534 [INFO]   点击坐标 (1800, 110)
2026-03-19 01:34:40,752 [ERROR] 处理 龙旗科技 时出错: Command '['screencapture', '-x', '-R', '3000,0,1000,1440', '/Users/bytedance/Downloads/auto_stock_script/screenshots/龙旗科技_seq1_013440.png']' returned non-zero exit status 1.
2026-03-19 01:34:40,753 [INFO] 
==================================================
2026-03-19 01:34:40,753 [INFO] 处理股票: AAPL 坐标(268, 390)
2026-03-19 01:34:40,753 [INFO]   点击坐标 (268, 390)
2026-03-19 01:34:41,823 [INFO]   操作序列 [1/5] 点击(1800, 110)
2026-03-19 01:34:41,823 [INFO]   点击坐标 (1800, 110)
2026-03-19 01:34:43,020 [ERROR] 处理 AAPL 时出错: Command '['screencapture', '-x', '-R', '3000,0,1000,1440', '/Users/bytedance/Downloads/auto_stock_script/screenshots/AAPL_seq1_013442.png']' returned non-zero exit status 1.
2026-03-19 01:34:43,021 [INFO] 
==================================================
2026-03-19 01:34:43,021 [INFO] 处理股票: BRKB 坐标(280, 504)
2026-03-19 01:34:43,021 [INFO]   点击坐标 (280, 504)
2026-03-19 01:34:44,121 [INFO]   操作序列 [1/5] 点击(1800, 110)
2026-03-19 01:34:44,122 [INFO]   点击坐标 (1800, 110)
2026-03-19 01:34:45,295 [ERROR] 处理 BRKB 时出错: Command '['screencapture', '-x', '-R', '3000,0,1000,1440', '/Users/bytedance/Downloads/auto_stock_script/screenshots/BRKB_seq1_013445.png']' returned non-zero exit status 1.
2026-03-19 01:34:45,296 [INFO] 
==================================================
2026-03-19 01:34:45,296 [INFO] 处理股票: D05 坐标(276, 584)
2026-03-19 01:34:45,296 [INFO]   点击坐标 (276, 584)
2026-03-19 01:34:46,374 [INFO]   操作序列 [1/5] 点击(1800, 110)
2026-03-19 01:34:46,375 [INFO]   点击坐标 (1800, 110)
2026-03-19 01:34:47,564 [ERROR] 处理 D05 时出错: Command '['screencapture', '-x', '-R', '3000,0,1000,1440', '/Users/bytedance/Downloads/auto_stock_script/screenshots/D05_seq1_013447.png']' returned non-zero exit status 1.
2026-03-19 01:34:47,565 [INFO] 
==================================================
2026-03-19 01:34:47,565 [INFO] 处理股票: FCX 坐标(276, 686)
2026-03-19 01:34:47,566 [INFO]   点击坐标 (276, 686)
2026-03-19 01:34:48,654 [INFO]   操作序列 [1/5] 点击(1800, 110)
2026-03-19 01:34:48,655 [INFO]   点击坐标 (1800, 110)
2026-03-19 01:34:49,828 [ERROR] 处理 FCX 时出错: Command '['screencapture', '-x', '-R', '3000,0,1000,1440', '/Users/bytedance/Downloads/auto_stock_script/screenshots/FCX_seq1_013449.png']' returned non-zero exit status 1.
2026-03-19 01:34:49,829 [INFO] 
==================================================
2026-03-19 01:34:49,829 [INFO] 处理股票: GLD 坐标(270, 784)
2026-03-19 01:34:49,829 [INFO]   点击坐标 (270, 784)
2026-03-19 01:34:50,919 [INFO]   操作序列 [1/5] 点击(1800, 110)
2026-03-19 01:34:50,920 [INFO]   点击坐标 (1800, 110)
2026-03-19 01:34:52,079 [ERROR] 处理 GLD 时出错: Command '['screencapture', '-x', '-R', '3000,0,1000,1440', '/Users/bytedance/Downloads/auto_stock_script/screenshots/GLD_seq1_013452.png']' returned non-zero exit status 1.
2026-03-19 01:34:52,079 [INFO] 
==================================================
2026-03-19 01:34:52,079 [INFO] 处理股票: QCOM 坐标(270, 896)
2026-03-19 01:34:52,080 [INFO]   点击坐标 (270, 896)
2026-03-19 01:34:53,185 [INFO]   操作序列 [1/5] 点击(1800, 110)
2026-03-19 01:34:53,185 [INFO]   点击坐标 (1800, 110)
2026-03-19 01:34:54,391 [ERROR] 处理 QCOM 时出错: Command '['screencapture', '-x', '-R', '3000,0,1000,1440', '/Users/bytedance/Downloads/auto_stock_script/screenshots/QCOM_seq1_013454.png']' returned non-zero exit status 1.
2026-03-19 01:34:54,392 [INFO] 
──────────────────────────────────────────────────
2026-03-19 01:34:54,392 [INFO] 监控完成，汇总结果：
2026-03-19 01:34:54,392 [INFO]   龙旗科技: 无信号
2026-03-19 01:34:54,392 [INFO]   AAPL: 无信号
2026-03-19 01:34:54,392 [INFO]   BRKB: 无信号
2026-03-19 01:34:54,392 [INFO]   D05: 无信号
2026-03-19 01:34:54,392 [INFO]   FCX: 无信号
2026-03-19 01:34:54,392 [INFO]   GLD: 无信号
2026-03-19 01:34:54,392 [INFO]   QCOM: 无信号
2026-03-19 01:34:56,530 [ERROR] ❌ 邮件发送失败: (535, b'5.7.8 Username and Password not accepted. For more information, go to\n5.7.8  https://support.google.com/mail/?p=BadCredentials d2e1a72fcca58-82a6bdd776bsm3204427b3a.49 - gsmtp')
2026-03-19 01:34:56,531 [INFO] 全部完成！

2026-03-19 01:35:10,908 [INFO] 
############################################################
2026-03-19 01:35:10,908 [INFO] # 开始监控 - 2026-03-19 01:35:10 (晚上场)
2026-03-19 01:35:10,908 [INFO] ############################################################
2026-03-19 01:35:10,908 [INFO] 
==================================================
2026-03-19 01:35:10,908 [INFO] 处理股票: 龙旗科技 坐标(256, 286)
2026-03-19 01:35:10,908 [INFO]   点击坐标 (256, 286)
2026-03-19 01:35:11,990 [INFO]   操作序列 [1/5] 点击(1800, 110)
2026-03-19 01:35:11,992 [INFO]   点击坐标 (1800, 110)
2026-03-19 01:35:13,207 [ERROR] 处理 龙旗科技 时出错: Command '['screencapture', '-x', '-R', '3000,0,1000,1440', '/Users/bytedance/Downloads/auto_stock_script/screenshots/龙旗科技_seq1_013513.png']' returned non-zero exit status 1.
2026-03-19 01:35:13,207 [INFO] 
==================================================
2026-03-19 01:35:13,207 [INFO] 处理股票: AAPL 坐标(268, 390)
2026-03-19 01:35:13,207 [INFO]   点击坐标 (268, 390)
2026-03-19 01:35:14,289 [INFO]   操作序列 [1/5] 点击(1800, 110)
2026-03-19 01:35:14,289 [INFO]   点击坐标 (1800, 110)
2026-03-19 01:35:15,498 [ERROR] 处理 AAPL 时出错: Command '['screencapture', '-x', '-R', '3000,0,1000,1440', '/Users/bytedance/Downloads/auto_stock_script/screenshots/AAPL_seq1_013515.png']' returned non-zero exit status 1.
2026-03-19 01:35:15,498 [INFO] 
==================================================
2026-03-19 01:35:15,499 [INFO] 处理股票: BRKB 坐标(280, 504)
2026-03-19 01:35:15,499 [INFO]   点击坐标 (280, 504)
2026-03-19 01:35:16,568 [INFO]   操作序列 [1/5] 点击(1800, 110)
2026-03-19 01:35:16,569 [INFO]   点击坐标 (1800, 110)
2026-03-19 01:35:17,753 [ERROR] 处理 BRKB 时出错: Command '['screencapture', '-x', '-R', '3000,0,1000,1440', '/Users/bytedance/Downloads/auto_stock_script/screenshots/BRKB_seq1_013517.png']' returned non-zero exit status 1.
2026-03-19 01:35:17,754 [INFO] 
==================================================
2026-03-19 01:35:17,754 [INFO] 处理股票: D05 坐标(276, 584)
2026-03-19 01:35:17,755 [INFO]   点击坐标 (276, 584)
2026-03-19 01:35:18,864 [INFO]   操作序列 [1/5] 点击(1800, 110)
2026-03-19 01:35:18,864 [INFO]   点击坐标 (1800, 110)
2026-03-19 01:35:20,073 [ERROR] 处理 D05 时出错: Command '['screencapture', '-x', '-R', '3000,0,1000,1440', '/Users/bytedance/Downloads/auto_stock_script/screenshots/D05_seq1_013520.png']' returned non-zero exit status 1.
2026-03-19 01:35:20,073 [INFO] 
==================================================
2026-03-19 01:35:20,073 [INFO] 处理股票: FCX 坐标(276, 686)
2026-03-19 01:35:20,073 [INFO]   点击坐标 (276, 686)
2026-03-19 01:35:21,163 [INFO]   操作序列 [1/5] 点击(1800, 110)
2026-03-19 01:35:21,163 [INFO]   点击坐标 (1800, 110)
2026-03-19 01:35:22,380 [ERROR] 处理 FCX 时出错: Command '['screencapture', '-x', '-R', '3000,0,1000,1440', '/Users/bytedance/Downloads/auto_stock_script/screenshots/FCX_seq1_013522.png']' returned non-zero exit status 1.
2026-03-19 01:35:22,381 [INFO] 
==================================================
2026-03-19 01:35:22,381 [INFO] 处理股票: GLD 坐标(270, 784)
2026-03-19 01:35:22,381 [INFO]   点击坐标 (270, 784)
2026-03-19 01:35:23,482 [INFO]   操作序列 [1/5] 点击(1800, 110)
2026-03-19 01:35:23,483 [INFO]   点击坐标 (1800, 110)
2026-03-19 01:35:24,716 [ERROR] 处理 GLD 时出错: Command '['screencapture', '-x', '-R', '3000,0,1000,1440', '/Users/bytedance/Downloads/auto_stock_script/screenshots/GLD_seq1_013524.png']' returned non-zero exit status 1.
2026-03-19 01:35:24,717 [INFO] 
==================================================
2026-03-19 01:35:24,717 [INFO] 处理股票: QCOM 坐标(270, 896)
2026-03-19 01:35:24,717 [INFO]   点击坐标 (270, 896)
2026-03-19 01:35:25,815 [INFO]   操作序列 [1/5] 点击(1800, 110)
2026-03-19 01:35:25,816 [INFO]   点击坐标 (1800, 110)
2026-03-19 01:35:27,081 [ERROR] 处理 QCOM 时出错: Command '['screencapture', '-x', '-R', '3000,0,1000,1440', '/Users/bytedance/Downloads/auto_stock_script/screenshots/QCOM_seq1_013527.png']' returned non-zero exit status 1.
2026-03-19 01:35:27,082 [INFO] 
──────────────────────────────────────────────────
2026-03-19 01:35:27,082 [INFO] 监控完成，汇总结果：
2026-03-19 01:35:27,082 [INFO]   龙旗科技: 无信号
2026-03-19 01:35:27,082 [INFO]   AAPL: 无信号
2026-03-19 01:35:27,082 [INFO]   BRKB: 无信号
2026-03-19 01:35:27,082 [INFO]   D05: 无信号
2026-03-19 01:35:27,082 [INFO]   FCX: 无信号
2026-03-19 01:35:27,082 [INFO]   GLD: 无信号
2026-03-19 01:35:27,082 [INFO]   QCOM: 无信号
2026-03-19 01:35:29,056 [ERROR] ❌ 邮件发送失败: (535, b'5.7.8 Username and Password not accepted. For more information, go to\n5.7.8  https://support.google.com/mail/?p=BadCredentials 98e67ed59e1d1-35bc610c232sm199951a91.13 - gsmtp')
2026-03-19 01:35:29,057 [INFO] 全部完成！

2026-03-19 01:36:17,935 [INFO] 
############################################################
2026-03-19 01:36:17,935 [INFO] # 开始监控 - 2026-03-19 01:36:17 (晚上场)
2026-03-19 01:36:17,935 [INFO] ############################################################
2026-03-19 01:36:17,935 [INFO] 
==================================================
2026-03-19 01:36:17,935 [INFO] 处理股票: 龙旗科技 坐标(256, 286)
2026-03-19 01:36:17,935 [INFO]   点击坐标 (256, 286)
2026-03-19 01:36:19,013 [INFO]   操作序列 [1/5] 点击(1800, 110)
2026-03-19 01:36:19,014 [INFO]   点击坐标 (1800, 110)
2026-03-19 01:36:20,405 [WARNING]     PIL/numpy 未安装，跳过颜色检测
2026-03-19 01:36:20,523 [INFO]     OCR 识别文字: ''
2026-03-19 01:36:20,523 [INFO]     综合检测 - 颜色: None, OCR: None
2026-03-19 01:36:20,523 [INFO]   操作序列 [2/5] 点击(1878, 110)
2026-03-19 01:36:20,523 [INFO]   点击坐标 (1878, 110)
2026-03-19 01:36:21,871 [WARNING]     PIL/numpy 未安装，跳过颜色检测
2026-03-19 01:36:21,919 [INFO]     OCR 识别文字: ''
2026-03-19 01:36:21,919 [INFO]     综合检测 - 颜色: None, OCR: None
2026-03-19 01:36:21,919 [INFO]   操作序列 [3/5] 点击(1960, 110)
2026-03-19 01:36:21,919 [INFO]   点击坐标 (1960, 110)
2026-03-19 01:36:23,272 [WARNING]     PIL/numpy 未安装，跳过颜色检测
2026-03-19 01:36:23,305 [INFO]     OCR 识别文字: ''
2026-03-19 01:36:23,305 [INFO]     综合检测 - 颜色: None, OCR: None
2026-03-19 01:36:23,305 [INFO]   操作序列 [4/5] 点击(2028, 110)
2026-03-19 01:36:23,305 [INFO]   点击坐标 (2028, 110)
2026-03-19 01:36:24,588 [WARNING]     PIL/numpy 未安装，跳过颜色检测
2026-03-19 01:36:24,620 [INFO]     OCR 识别文字: ''
2026-03-19 01:36:24,620 [INFO]     综合检测 - 颜色: None, OCR: None
2026-03-19 01:36:24,620 [INFO]   操作序列 [5/5] 点击(964, 102)
2026-03-19 01:36:24,620 [INFO]   点击坐标 (964, 102)
2026-03-19 01:36:25,909 [WARNING]     PIL/numpy 未安装，跳过颜色检测
2026-03-19 01:36:25,951 [INFO]     OCR 识别文字: ''
2026-03-19 01:36:25,951 [INFO]     综合检测 - 颜色: None, OCR: None
2026-03-19 01:36:25,951 [INFO]   股票 龙旗科技 最终信号: 无信号
2026-03-19 01:36:25,951 [INFO] 
==================================================
2026-03-19 01:36:25,951 [INFO] 处理股票: AAPL 坐标(268, 390)
2026-03-19 01:36:25,951 [INFO]   点击坐标 (268, 390)
2026-03-19 01:36:27,027 [INFO]   操作序列 [1/5] 点击(1800, 110)
2026-03-19 01:36:27,028 [INFO]   点击坐标 (1800, 110)
2026-03-19 01:36:28,563 [WARNING]     PIL/numpy 未安装，跳过颜色检测
2026-03-19 01:36:28,597 [INFO]     OCR 识别文字: ''
2026-03-19 01:36:28,597 [INFO]     综合检测 - 颜色: None, OCR: None
2026-03-19 01:36:28,597 [INFO]   操作序列 [2/5] 点击(1878, 110)
2026-03-19 01:36:28,597 [INFO]   点击坐标 (1878, 110)
2026-03-19 01:36:29,949 [WARNING]     PIL/numpy 未安装，跳过颜色检测
2026-03-19 01:36:29,984 [INFO]     OCR 识别文字: ''
2026-03-19 01:36:29,984 [INFO]     综合检测 - 颜色: None, OCR: None
2026-03-19 01:36:29,984 [INFO]   操作序列 [3/5] 点击(1960, 110)
2026-03-19 01:36:29,984 [INFO]   点击坐标 (1960, 110)
2026-03-19 01:36:31,339 [WARNING]     PIL/numpy 未安装，跳过颜色检测
2026-03-19 01:36:31,378 [INFO]     OCR 识别文字: ''
2026-03-19 01:36:31,378 [INFO]     综合检测 - 颜色: None, OCR: None
2026-03-19 01:36:31,378 [INFO]   操作序列 [4/5] 点击(2028, 110)
2026-03-19 01:36:31,378 [INFO]   点击坐标 (2028, 110)
2026-03-19 01:36:32,741 [WARNING]     PIL/numpy 未安装，跳过颜色检测
2026-03-19 01:36:32,773 [INFO]     OCR 识别文字: ''
2026-03-19 01:36:32,773 [INFO]     综合检测 - 颜色: None, OCR: None
2026-03-19 01:36:32,773 [INFO]   操作序列 [5/5] 点击(964, 102)
2026-03-19 01:36:32,773 [INFO]   点击坐标 (964, 102)
2026-03-19 01:36:34,141 [WARNING]     PIL/numpy 未安装，跳过颜色检测
2026-03-19 01:36:34,174 [INFO]     OCR 识别文字: ''
2026-03-19 01:36:34,175 [INFO]     综合检测 - 颜色: None, OCR: None
2026-03-19 01:36:34,175 [INFO]   股票 AAPL 最终信号: 无信号
2026-03-19 01:36:34,175 [INFO] 
==================================================
2026-03-19 01:36:34,175 [INFO] 处理股票: BRKB 坐标(280, 504)
2026-03-19 01:36:34,175 [INFO]   点击坐标 (280, 504)
2026-03-19 01:36:35,244 [INFO]   操作序列 [1/5] 点击(1800, 110)
2026-03-19 01:36:35,245 [INFO]   点击坐标 (1800, 110)
2026-03-19 01:36:36,765 [WARNING]     PIL/numpy 未安装，跳过颜色检测
2026-03-19 01:36:36,818 [INFO]     OCR 识别文字: ''
2026-03-19 01:36:36,819 [INFO]     综合检测 - 颜色: None, OCR: None
2026-03-19 01:36:36,819 [INFO]   操作序列 [2/5] 点击(1878, 110)
2026-03-19 01:36:36,819 [INFO]   点击坐标 (1878, 110)
2026-03-19 01:36:38,199 [WARNING]     PIL/numpy 未安装，跳过颜色检测
2026-03-19 01:36:38,233 [INFO]     OCR 识别文字: ''
2026-03-19 01:36:38,233 [INFO]     综合检测 - 颜色: None, OCR: None
2026-03-19 01:36:38,233 [INFO]   操作序列 [3/5] 点击(1960, 110)
2026-03-19 01:36:38,233 [INFO]   点击坐标 (1960, 110)
2026-03-19 01:36:39,538 [WARNING]     PIL/numpy 未安装，跳过颜色检测
2026-03-19 01:36:39,567 [INFO]     OCR 识别文字: ''
2026-03-19 01:36:39,567 [INFO]     综合检测 - 颜色: None, OCR: None
2026-03-19 01:36:39,567 [INFO]   操作序列 [4/5] 点击(2028, 110)
2026-03-19 01:36:39,567 [INFO]   点击坐标 (2028, 110)
2026-03-19 01:36:40,925 [WARNING]     PIL/numpy 未安装，跳过颜色检测
2026-03-19 01:36:40,955 [INFO]     OCR 识别文字: ''
2026-03-19 01:36:40,955 [INFO]     综合检测 - 颜色: None, OCR: None
2026-03-19 01:36:40,955 [INFO]   操作序列 [5/5] 点击(964, 102)
2026-03-19 01:36:40,955 [INFO]   点击坐标 (964, 102)
2026-03-19 01:36:42,308 [WARNING]     PIL/numpy 未安装，跳过颜色检测
2026-03-19 01:36:42,338 [INFO]     OCR 识别文字: ''
2026-03-19 01:36:42,338 [INFO]     综合检测 - 颜色: None, OCR: None
2026-03-19 01:36:42,338 [INFO]   股票 BRKB 最终信号: 无信号
2026-03-19 01:36:42,339 [INFO] 
==================================================
2026-03-19 01:36:42,339 [INFO] 处理股票: D05 坐标(276, 584)
2026-03-19 01:36:42,339 [INFO]   点击坐标 (276, 584)
2026-03-19 01:36:43,414 [INFO]   操作序列 [1/5] 点击(1800, 110)
2026-03-19 01:36:43,414 [INFO]   点击坐标 (1800, 110)
2026-03-19 01:36:44,734 [WARNING]     PIL/numpy 未安装，跳过颜色检测
2026-03-19 01:36:44,767 [INFO]     OCR 识别文字: ''
2026-03-19 01:36:44,767 [INFO]     综合检测 - 颜色: None, OCR: None
2026-03-19 01:36:44,767 [INFO]   操作序列 [2/5] 点击(1878, 110)
2026-03-19 01:36:44,767 [INFO]   点击坐标 (1878, 110)
2026-03-19 01:36:46,150 [WARNING]     PIL/numpy 未安装，跳过颜色检测
2026-03-19 01:36:46,184 [INFO]     OCR 识别文字: ''
2026-03-19 01:36:46,185 [INFO]     综合检测 - 颜色: None, OCR: None
2026-03-19 01:36:46,185 [INFO]   操作序列 [3/5] 点击(1960, 110)
2026-03-19 01:36:46,185 [INFO]   点击坐标 (1960, 110)
2026-03-19 01:36:47,561 [WARNING]     PIL/numpy 未安装，跳过颜色检测
2026-03-19 01:36:47,590 [INFO]     OCR 识别文字: ''
2026-03-19 01:36:47,591 [INFO]     综合检测 - 颜色: None, OCR: None
2026-03-19 01:36:47,591 [INFO]   操作序列 [4/5] 点击(2028, 110)
2026-03-19 01:36:47,591 [INFO]   点击坐标 (2028, 110)
2026-03-19 01:36:48,924 [WARNING]     PIL/numpy 未安装，跳过颜色检测
2026-03-19 01:36:48,951 [INFO]     OCR 识别文字: ''
2026-03-19 01:36:48,951 [INFO]     综合检测 - 颜色: None, OCR: None
2026-03-19 01:36:48,951 [INFO]   操作序列 [5/5] 点击(964, 102)
2026-03-19 01:36:48,951 [INFO]   点击坐标 (964, 102)
2026-03-19 01:36:50,243 [WARNING]     PIL/numpy 未安装，跳过颜色检测
2026-03-19 01:36:50,275 [INFO]     OCR 识别文字: ''
2026-03-19 01:36:50,275 [INFO]     综合检测 - 颜色: None, OCR: None
2026-03-19 01:36:50,275 [INFO]   股票 D05 最终信号: 无信号
2026-03-19 01:36:50,275 [INFO] 
==================================================
2026-03-19 01:36:50,275 [INFO] 处理股票: FCX 坐标(276, 686)
2026-03-19 01:36:50,275 [INFO]   点击坐标 (276, 686)
2026-03-19 01:36:51,347 [INFO]   操作序列 [1/5] 点击(1800, 110)
2026-03-19 01:36:51,347 [INFO]   点击坐标 (1800, 110)
2026-03-19 01:36:52,785 [WARNING]     PIL/numpy 未安装，跳过颜色检测
2026-03-19 01:36:52,814 [INFO]     OCR 识别文字: ''
2026-03-19 01:36:52,814 [INFO]     综合检测 - 颜色: None, OCR: None
2026-03-19 01:36:52,814 [INFO]   操作序列 [2/5] 点击(1878, 110)
2026-03-19 01:36:52,815 [INFO]   点击坐标 (1878, 110)
2026-03-19 01:36:54,174 [WARNING]     PIL/numpy 未安装，跳过颜色检测
2026-03-19 01:36:54,209 [INFO]     OCR 识别文字: ''
2026-03-19 01:36:54,209 [INFO]     综合检测 - 颜色: None, OCR: None
2026-03-19 01:36:54,209 [INFO]   操作序列 [3/5] 点击(1960, 110)
2026-03-19 01:36:54,209 [INFO]   点击坐标 (1960, 110)
2026-03-19 01:36:55,588 [WARNING]     PIL/numpy 未安装，跳过颜色检测
2026-03-19 01:36:55,624 [INFO]     OCR 识别文字: ''
2026-03-19 01:36:55,624 [INFO]     综合检测 - 颜色: None, OCR: None
2026-03-19 01:36:55,624 [INFO]   操作序列 [4/5] 点击(2028, 110)
2026-03-19 01:36:55,624 [INFO]   点击坐标 (2028, 110)
2026-03-19 01:36:56,953 [WARNING]     PIL/numpy 未安装，跳过颜色检测
2026-03-19 01:36:56,984 [INFO]     OCR 识别文字: ''
2026-03-19 01:36:56,984 [INFO]     综合检测 - 颜色: None, OCR: None
2026-03-19 01:36:56,984 [INFO]   操作序列 [5/5] 点击(964, 102)
2026-03-19 01:36:56,984 [INFO]   点击坐标 (964, 102)
2026-03-19 01:36:58,390 [WARNING]     PIL/numpy 未安装，跳过颜色检测
2026-03-19 01:36:58,427 [INFO]     OCR 识别文字: ''
2026-03-19 01:36:58,428 [INFO]     综合检测 - 颜色: None, OCR: None
2026-03-19 01:36:58,428 [INFO]   股票 FCX 最终信号: 无信号
2026-03-19 01:36:58,428 [INFO] 
==================================================
2026-03-19 01:36:58,428 [INFO] 处理股票: GLD 坐标(270, 784)
2026-03-19 01:36:58,428 [INFO]   点击坐标 (270, 784)
2026-03-19 01:36:59,503 [INFO]   操作序列 [1/5] 点击(1800, 110)
2026-03-19 01:36:59,503 [INFO]   点击坐标 (1800, 110)
2026-03-19 01:37:00,895 [WARNING]     PIL/numpy 未安装，跳过颜色检测
2026-03-19 01:37:00,924 [INFO]     OCR 识别文字: ''
2026-03-19 01:37:00,924 [INFO]     综合检测 - 颜色: None, OCR: None
2026-03-19 01:37:00,925 [INFO]   操作序列 [2/5] 点击(1878, 110)
2026-03-19 01:37:00,925 [INFO]   点击坐标 (1878, 110)
2026-03-19 01:37:02,329 [WARNING]     PIL/numpy 未安装，跳过颜色检测
2026-03-19 01:37:02,361 [INFO]     OCR 识别文字: ''
2026-03-19 01:37:02,362 [INFO]     综合检测 - 颜色: None, OCR: None
2026-03-19 01:37:02,362 [INFO]   操作序列 [3/5] 点击(1960, 110)
2026-03-19 01:37:02,362 [INFO]   点击坐标 (1960, 110)
2026-03-19 01:37:03,694 [WARNING]     PIL/numpy 未安装，跳过颜色检测
2026-03-19 01:37:03,728 [INFO]     OCR 识别文字: ''
2026-03-19 01:37:03,728 [INFO]     综合检测 - 颜色: None, OCR: None
2026-03-19 01:37:03,728 [INFO]   操作序列 [4/5] 点击(2028, 110)
2026-03-19 01:37:03,728 [INFO]   点击坐标 (2028, 110)
2026-03-19 01:37:05,012 [WARNING]     PIL/numpy 未安装，跳过颜色检测
2026-03-19 01:37:05,050 [INFO]     OCR 识别文字: ''
2026-03-19 01:37:05,050 [INFO]     综合检测 - 颜色: None, OCR: None
2026-03-19 01:37:05,050 [INFO]   操作序列 [5/5] 点击(964, 102)
2026-03-19 01:37:05,050 [INFO]   点击坐标 (964, 102)
2026-03-19 01:37:06,346 [WARNING]     PIL/numpy 未安装，跳过颜色检测
2026-03-19 01:37:06,379 [INFO]     OCR 识别文字: ''
2026-03-19 01:37:06,379 [INFO]     综合检测 - 颜色: None, OCR: None
2026-03-19 01:37:06,379 [INFO]   股票 GLD 最终信号: 无信号
2026-03-19 01:37:06,380 [INFO] 
==================================================
2026-03-19 01:37:06,380 [INFO] 处理股票: QCOM 坐标(270, 896)
2026-03-19 01:37:06,380 [INFO]   点击坐标 (270, 896)
2026-03-19 01:37:07,447 [INFO]   操作序列 [1/5] 点击(1800, 110)
2026-03-19 01:37:07,447 [INFO]   点击坐标 (1800, 110)
2026-03-19 01:37:08,804 [WARNING]     PIL/numpy 未安装，跳过颜色检测
2026-03-19 01:37:08,834 [INFO]     OCR 识别文字: ''
2026-03-19 01:37:08,835 [INFO]     综合检测 - 颜色: None, OCR: None
2026-03-19 01:37:08,835 [INFO]   操作序列 [2/5] 点击(1878, 110)
2026-03-19 01:37:08,835 [INFO]   点击坐标 (1878, 110)
2026-03-19 01:37:10,212 [WARNING]     PIL/numpy 未安装，跳过颜色检测
2026-03-19 01:37:10,246 [INFO]     OCR 识别文字: ''
2026-03-19 01:37:10,246 [INFO]     综合检测 - 颜色: None, OCR: None
2026-03-19 01:37:10,246 [INFO]   操作序列 [3/5] 点击(1960, 110)
2026-03-19 01:37:10,246 [INFO]   点击坐标 (1960, 110)
2026-03-19 01:37:11,578 [WARNING]     PIL/numpy 未安装，跳过颜色检测
2026-03-19 01:37:11,620 [INFO]     OCR 识别文字: ''
2026-03-19 01:37:11,620 [INFO]     综合检测 - 颜色: None, OCR: None
2026-03-19 01:37:11,620 [INFO]   操作序列 [4/5] 点击(2028, 110)
2026-03-19 01:37:11,620 [INFO]   点击坐标 (2028, 110)
2026-03-19 01:37:13,019 [WARNING]     PIL/numpy 未安装，跳过颜色检测
2026-03-19 01:37:13,061 [INFO]     OCR 识别文字: ''
2026-03-19 01:37:13,061 [INFO]     综合检测 - 颜色: None, OCR: None
2026-03-19 01:37:13,061 [INFO]   操作序列 [5/5] 点击(964, 102)
2026-03-19 01:37:13,061 [INFO]   点击坐标 (964, 102)
2026-03-19 01:37:14,421 [WARNING]     PIL/numpy 未安装，跳过颜色检测
2026-03-19 01:37:14,451 [INFO]     OCR 识别文字: ''
2026-03-19 01:37:14,451 [INFO]     综合检测 - 颜色: None, OCR: None
2026-03-19 01:37:14,451 [INFO]   股票 QCOM 最终信号: 无信号
2026-03-19 01:37:14,451 [INFO] 
──────────────────────────────────────────────────
2026-03-19 01:37:14,451 [INFO] 监控完成，汇总结果：
2026-03-19 01:37:14,451 [INFO]   龙旗科技: 无信号
2026-03-19 01:37:14,451 [INFO]   AAPL: 无信号
2026-03-19 01:37:14,451 [INFO]   BRKB: 无信号
2026-03-19 01:37:14,451 [INFO]   D05: 无信号
2026-03-19 01:37:14,451 [INFO]   FCX: 无信号
2026-03-19 01:37:14,451 [INFO]   GLD: 无信号
2026-03-19 01:37:14,451 [INFO]   QCOM: 无信号
2026-03-19 01:37:17,035 [ERROR] ❌ 邮件发送失败: (535, b'5.7.8 Username and Password not accepted. For more information, go to\n5.7.8  https://support.google.com/mail/?p=BadCredentials 98e67ed59e1d1-35bc610c1efsm222322a91.14 - gsmtp')
2026-03-19 01:37:17,035 [INFO] 全部完成！

2026-03-19 01:49:25,237 [INFO] 
############################################################
2026-03-19 01:49:25,237 [INFO] # 开始监控 - 2026-03-19 01:49:25 (晚上场)
2026-03-19 01:49:25,238 [INFO] ############################################################
2026-03-19 01:49:25,238 [INFO] 
==================================================
2026-03-19 01:49:25,238 [INFO] 处理股票: 龙旗科技 坐标(278, 272)
2026-03-19 01:49:25,238 [INFO]   点击坐标 (278, 272)
2026-03-19 01:49:26,392 [INFO]   操作序列 [1/5] 点击(1800, 110)
2026-03-19 01:49:26,394 [INFO]   点击坐标 (1800, 110)
2026-03-19 01:49:27,810 [WARNING]     PIL/numpy 未安装，跳过颜色检测
2026-03-19 01:49:27,844 [INFO]     OCR 识别文字: ''
2026-03-19 01:49:27,844 [INFO]     综合检测 - 颜色: None, OCR: None
2026-03-19 01:49:27,844 [INFO]   操作序列 [2/5] 点击(1878, 110)
2026-03-19 01:49:27,844 [INFO]   点击坐标 (1878, 110)
2026-03-19 01:49:29,226 [WARNING]     PIL/numpy 未安装，跳过颜色检测
2026-03-19 01:49:29,268 [INFO]     OCR 识别文字: ''
2026-03-19 01:49:29,268 [INFO]     综合检测 - 颜色: None, OCR: None
2026-03-19 01:49:29,268 [INFO]   操作序列 [3/5] 点击(1960, 110)
2026-03-19 01:49:29,268 [INFO]   点击坐标 (1960, 110)
2026-03-19 01:49:30,648 [WARNING]     PIL/numpy 未安装，跳过颜色检测
2026-03-19 01:49:30,680 [INFO]     OCR 识别文字: ''
2026-03-19 01:49:30,680 [INFO]     综合检测 - 颜色: None, OCR: None
2026-03-19 01:49:30,680 [INFO]   操作序列 [4/5] 点击(2028, 110)
2026-03-19 01:49:30,680 [INFO]   点击坐标 (2028, 110)
2026-03-19 01:49:32,007 [WARNING]     PIL/numpy 未安装，跳过颜色检测
2026-03-19 01:49:32,067 [INFO]     OCR 识别文字: ''
2026-03-19 01:49:32,067 [INFO]     综合检测 - 颜色: None, OCR: None
2026-03-19 01:49:32,067 [INFO]   操作序列 [5/5] 点击(964, 102)
2026-03-19 01:49:32,067 [INFO]   点击坐标 (964, 102)
2026-03-19 01:49:33,383 [WARNING]     PIL/numpy 未安装，跳过颜色检测
2026-03-19 01:49:33,420 [INFO]     OCR 识别文字: ''
2026-03-19 01:49:33,420 [INFO]     综合检测 - 颜色: None, OCR: None
2026-03-19 01:49:33,420 [INFO]   股票 龙旗科技 最终信号: 无信号
2026-03-19 01:49:33,420 [INFO] 
==================================================
2026-03-19 01:49:33,420 [INFO] 处理股票: AAPL 坐标(278, 362)
2026-03-19 01:49:33,420 [INFO]   点击坐标 (278, 362)
2026-03-19 01:49:34,490 [INFO]   操作序列 [1/5] 点击(1800, 110)
2026-03-19 01:49:34,491 [INFO]   点击坐标 (1800, 110)
2026-03-19 01:49:35,960 [WARNING]     PIL/numpy 未安装，跳过颜色检测
2026-03-19 01:49:35,999 [INFO]     OCR 识别文字: ''
2026-03-19 01:49:35,999 [INFO]     综合检测 - 颜色: None, OCR: None
2026-03-19 01:49:36,000 [INFO]   操作序列 [2/5] 点击(1878, 110)
2026-03-19 01:49:36,000 [INFO]   点击坐标 (1878, 110)
2026-03-19 01:49:37,283 [WARNING]     PIL/numpy 未安装，跳过颜色检测
2026-03-19 01:49:37,313 [INFO]     OCR 识别文字: ''
2026-03-19 01:49:37,313 [INFO]     综合检测 - 颜色: None, OCR: None
2026-03-19 01:49:37,313 [INFO]   操作序列 [3/5] 点击(1960, 110)
2026-03-19 01:49:37,313 [INFO]   点击坐标 (1960, 110)
2026-03-19 01:49:38,678 [WARNING]     PIL/numpy 未安装，跳过颜色检测
2026-03-19 01:49:38,709 [INFO]     OCR 识别文字: ''
2026-03-19 01:49:38,709 [INFO]     综合检测 - 颜色: None, OCR: None
2026-03-19 01:49:38,709 [INFO]   操作序列 [4/5] 点击(2028, 110)
2026-03-19 01:49:38,709 [INFO]   点击坐标 (2028, 110)
2026-03-19 01:49:40,082 [WARNING]     PIL/numpy 未安装，跳过颜色检测
2026-03-19 01:49:40,113 [INFO]     OCR 识别文字: ''
2026-03-19 01:49:40,113 [INFO]     综合检测 - 颜色: None, OCR: None
2026-03-19 01:49:40,113 [INFO]   操作序列 [5/5] 点击(964, 102)
2026-03-19 01:49:40,113 [INFO]   点击坐标 (964, 102)
2026-03-19 01:49:41,373 [WARNING]     PIL/numpy 未安装，跳过颜色检测
2026-03-19 01:49:41,402 [INFO]     OCR 识别文字: ''
2026-03-19 01:49:41,402 [INFO]     综合检测 - 颜色: None, OCR: None
2026-03-19 01:49:41,402 [INFO]   股票 AAPL 最终信号: 无信号
2026-03-19 01:49:41,402 [INFO] 
==================================================
2026-03-19 01:49:41,402 [INFO] 处理股票: BRKB 坐标(278, 460)
2026-03-19 01:49:41,402 [INFO]   点击坐标 (278, 460)
2026-03-19 01:49:42,470 [INFO]   操作序列 [1/5] 点击(1800, 110)
2026-03-19 01:49:42,471 [INFO]   点击坐标 (1800, 110)
2026-03-19 01:49:43,913 [WARNING]     PIL/numpy 未安装，跳过颜色检测
2026-03-19 01:49:43,955 [INFO]     OCR 识别文字: ''
2026-03-19 01:49:43,955 [INFO]     综合检测 - 颜色: None, OCR: None
2026-03-19 01:49:43,955 [INFO]   操作序列 [2/5] 点击(1878, 110)
2026-03-19 01:49:43,955 [INFO]   点击坐标 (1878, 110)
2026-03-19 01:49:45,324 [WARNING]     PIL/numpy 未安装，跳过颜色检测
2026-03-19 01:49:45,354 [INFO]     OCR 识别文字: ''
2026-03-19 01:49:45,354 [INFO]     综合检测 - 颜色: None, OCR: None
2026-03-19 01:49:45,354 [INFO]   操作序列 [3/5] 点击(1960, 110)
2026-03-19 01:49:45,354 [INFO]   点击坐标 (1960, 110)
2026-03-19 01:49:46,754 [WARNING]     PIL/numpy 未安装，跳过颜色检测
2026-03-19 01:49:46,785 [INFO]     OCR 识别文字: ''
2026-03-19 01:49:46,786 [INFO]     综合检测 - 颜色: None, OCR: None
2026-03-19 01:49:46,786 [INFO]   操作序列 [4/5] 点击(2028, 110)
2026-03-19 01:49:46,786 [INFO]   点击坐标 (2028, 110)
2026-03-19 01:49:48,123 [WARNING]     PIL/numpy 未安装，跳过颜色检测
2026-03-19 01:49:48,158 [INFO]     OCR 识别文字: ''
2026-03-19 01:49:48,159 [INFO]     综合检测 - 颜色: None, OCR: None
2026-03-19 01:49:48,159 [INFO]   操作序列 [5/5] 点击(964, 102)
2026-03-19 01:49:48,159 [INFO]   点击坐标 (964, 102)
2026-03-19 01:49:49,522 [WARNING]     PIL/numpy 未安装，跳过颜色检测
2026-03-19 01:49:49,551 [INFO]     OCR 识别文字: ''
2026-03-19 01:49:49,551 [INFO]     综合检测 - 颜色: None, OCR: None
2026-03-19 01:49:49,551 [INFO]   股票 BRKB 最终信号: 无信号
2026-03-19 01:49:49,551 [INFO] 
==================================================
2026-03-19 01:49:49,551 [INFO] 处理股票: D05 坐标(278, 554)
2026-03-19 01:49:49,551 [INFO]   点击坐标 (278, 554)
2026-03-19 01:49:50,616 [INFO]   操作序列 [1/5] 点击(1800, 110)
2026-03-19 01:49:50,620 [INFO]   点击坐标 (1800, 110)
2026-03-19 01:49:52,049 [WARNING]     PIL/numpy 未安装，跳过颜色检测
2026-03-19 01:49:52,091 [INFO]     OCR 识别文字: ''
2026-03-19 01:49:52,091 [INFO]     综合检测 - 颜色: None, OCR: None
2026-03-19 01:49:52,091 [INFO]   操作序列 [2/5] 点击(1878, 110)
2026-03-19 01:49:52,091 [INFO]   点击坐标 (1878, 110)
2026-03-19 01:49:53,406 [WARNING]     PIL/numpy 未安装，跳过颜色检测
2026-03-19 01:49:53,439 [INFO]     OCR 识别文字: ''
2026-03-19 01:49:53,439 [INFO]     综合检测 - 颜色: None, OCR: None
2026-03-19 01:49:53,439 [INFO]   操作序列 [3/5] 点击(1960, 110)
2026-03-19 01:49:53,439 [INFO]   点击坐标 (1960, 110)
2026-03-19 01:49:54,793 [WARNING]     PIL/numpy 未安装，跳过颜色检测
2026-03-19 01:49:54,826 [INFO]     OCR 识别文字: ''
2026-03-19 01:49:54,826 [INFO]     综合检测 - 颜色: None, OCR: None
2026-03-19 01:49:54,826 [INFO]   操作序列 [4/5] 点击(2028, 110)
2026-03-19 01:49:54,826 [INFO]   点击坐标 (2028, 110)
2026-03-19 01:49:56,202 [WARNING]     PIL/numpy 未安装，跳过颜色检测
2026-03-19 01:49:56,254 [INFO]     OCR 识别文字: ''
2026-03-19 01:49:56,254 [INFO]     综合检测 - 颜色: None, OCR: None
2026-03-19 01:49:56,254 [INFO]   操作序列 [5/5] 点击(964, 102)
2026-03-19 01:49:56,254 [INFO]   点击坐标 (964, 102)
2026-03-19 01:49:57,594 [WARNING]     PIL/numpy 未安装，跳过颜色检测
2026-03-19 01:49:57,633 [INFO]     OCR 识别文字: ''
2026-03-19 01:49:57,634 [INFO]     综合检测 - 颜色: None, OCR: None
2026-03-19 01:49:57,634 [INFO]   股票 D05 最终信号: 无信号
2026-03-19 01:49:57,634 [INFO] 
==================================================
2026-03-19 01:49:57,634 [INFO] 处理股票: FCX 坐标(278, 650)
2026-03-19 01:49:57,634 [INFO]   点击坐标 (278, 650)
2026-03-19 01:49:58,707 [INFO]   操作序列 [1/5] 点击(1800, 110)
2026-03-19 01:49:58,708 [INFO]   点击坐标 (1800, 110)
2026-03-19 01:50:00,169 [WARNING]     PIL/numpy 未安装，跳过颜色检测
2026-03-19 01:50:00,206 [INFO]     OCR 识别文字: ''
2026-03-19 01:50:00,206 [INFO]     综合检测 - 颜色: None, OCR: None
2026-03-19 01:50:00,206 [INFO]   操作序列 [2/5] 点击(1878, 110)
2026-03-19 01:50:00,206 [INFO]   点击坐标 (1878, 110)
2026-03-19 01:50:01,623 [WARNING]     PIL/numpy 未安装，跳过颜色检测
2026-03-19 01:50:01,656 [INFO]     OCR 识别文字: ''
2026-03-19 01:50:01,656 [INFO]     综合检测 - 颜色: None, OCR: None
2026-03-19 01:50:01,656 [INFO]   操作序列 [3/5] 点击(1960, 110)
2026-03-19 01:50:01,656 [INFO]   点击坐标 (1960, 110)
2026-03-19 01:50:03,047 [WARNING]     PIL/numpy 未安装，跳过颜色检测
2026-03-19 01:50:03,078 [INFO]     OCR 识别文字: ''
2026-03-19 01:50:03,079 [INFO]     综合检测 - 颜色: None, OCR: None
2026-03-19 01:50:03,079 [INFO]   操作序列 [4/5] 点击(2028, 110)
2026-03-19 01:50:03,079 [INFO]   点击坐标 (2028, 110)
2026-03-19 01:50:04,456 [WARNING]     PIL/numpy 未安装，跳过颜色检测
2026-03-19 01:50:04,491 [INFO]     OCR 识别文字: ''
2026-03-19 01:50:04,491 [INFO]     综合检测 - 颜色: None, OCR: None
2026-03-19 01:50:04,491 [INFO]   操作序列 [5/5] 点击(964, 102)
2026-03-19 01:50:04,491 [INFO]   点击坐标 (964, 102)
2026-03-19 01:50:05,816 [WARNING]     PIL/numpy 未安装，跳过颜色检测
2026-03-19 01:50:05,858 [INFO]     OCR 识别文字: ''
2026-03-19 01:50:05,858 [INFO]     综合检测 - 颜色: None, OCR: None
2026-03-19 01:50:05,858 [INFO]   股票 FCX 最终信号: 无信号
2026-03-19 01:50:05,858 [INFO] 
==================================================
2026-03-19 01:50:05,858 [INFO] 处理股票: GLD 坐标(278, 750)
2026-03-19 01:50:05,858 [INFO]   点击坐标 (278, 750)
2026-03-19 01:50:06,928 [INFO]   操作序列 [1/5] 点击(1800, 110)
2026-03-19 01:50:06,928 [INFO]   点击坐标 (1800, 110)
2026-03-19 01:50:08,367 [WARNING]     PIL/numpy 未安装，跳过颜色检测
2026-03-19 01:50:08,406 [INFO]     OCR 识别文字: ''
2026-03-19 01:50:08,407 [INFO]     综合检测 - 颜色: None, OCR: None
2026-03-19 01:50:08,407 [INFO]   操作序列 [2/5] 点击(1878, 110)
2026-03-19 01:50:08,407 [INFO]   点击坐标 (1878, 110)
2026-03-19 01:50:09,798 [WARNING]     PIL/numpy 未安装，跳过颜色检测
2026-03-19 01:50:09,834 [INFO]     OCR 识别文字: ''
2026-03-19 01:50:09,834 [INFO]     综合检测 - 颜色: None, OCR: None
2026-03-19 01:50:09,834 [INFO]   操作序列 [3/5] 点击(1960, 110)
2026-03-19 01:50:09,834 [INFO]   点击坐标 (1960, 110)
2026-03-19 01:50:11,181 [WARNING]     PIL/numpy 未安装，跳过颜色检测
2026-03-19 01:50:11,212 [INFO]     OCR 识别文字: ''
2026-03-19 01:50:11,212 [INFO]     综合检测 - 颜色: None, OCR: None
2026-03-19 01:50:11,212 [INFO]   操作序列 [4/5] 点击(2028, 110)
2026-03-19 01:50:11,212 [INFO]   点击坐标 (2028, 110)
2026-03-19 01:50:12,577 [WARNING]     PIL/numpy 未安装，跳过颜色检测
2026-03-19 01:50:12,610 [INFO]     OCR 识别文字: ''
2026-03-19 01:50:12,610 [INFO]     综合检测 - 颜色: None, OCR: None
2026-03-19 01:50:12,610 [INFO]   操作序列 [5/5] 点击(964, 102)
2026-03-19 01:50:12,610 [INFO]   点击坐标 (964, 102)
2026-03-19 01:50:13,963 [WARNING]     PIL/numpy 未安装，跳过颜色检测
2026-03-19 01:50:14,003 [INFO]     OCR 识别文字: ''
2026-03-19 01:50:14,003 [INFO]     综合检测 - 颜色: None, OCR: None
2026-03-19 01:50:14,003 [INFO]   股票 GLD 最终信号: 无信号
2026-03-19 01:50:14,003 [INFO] 
==================================================
2026-03-19 01:50:14,003 [INFO] 处理股票: QCOM 坐标(278, 850)
2026-03-19 01:50:14,003 [INFO]   点击坐标 (278, 850)
2026-03-19 01:50:15,072 [INFO]   操作序列 [1/5] 点击(1800, 110)
2026-03-19 01:50:15,073 [INFO]   点击坐标 (1800, 110)
2026-03-19 01:50:16,460 [WARNING]     PIL/numpy 未安装，跳过颜色检测
2026-03-19 01:50:16,495 [INFO]     OCR 识别文字: ''
2026-03-19 01:50:16,495 [INFO]     综合检测 - 颜色: None, OCR: None
2026-03-19 01:50:16,495 [INFO]   操作序列 [2/5] 点击(1878, 110)
2026-03-19 01:50:16,495 [INFO]   点击坐标 (1878, 110)
2026-03-19 01:50:17,808 [WARNING]     PIL/numpy 未安装，跳过颜色检测
2026-03-19 01:50:17,841 [INFO]     OCR 识别文字: ''
2026-03-19 01:50:17,841 [INFO]     综合检测 - 颜色: None, OCR: None
2026-03-19 01:50:17,841 [INFO]   操作序列 [3/5] 点击(1960, 110)
2026-03-19 01:50:17,841 [INFO]   点击坐标 (1960, 110)
2026-03-19 01:50:19,130 [WARNING]     PIL/numpy 未安装，跳过颜色检测
2026-03-19 01:50:19,159 [INFO]     OCR 识别文字: ''
2026-03-19 01:50:19,159 [INFO]     综合检测 - 颜色: None, OCR: None
2026-03-19 01:50:19,159 [INFO]   操作序列 [4/5] 点击(2028, 110)
2026-03-19 01:50:19,159 [INFO]   点击坐标 (2028, 110)
2026-03-19 01:50:20,452 [WARNING]     PIL/numpy 未安装，跳过颜色检测
2026-03-19 01:50:20,484 [INFO]     OCR 识别文字: ''
2026-03-19 01:50:20,484 [INFO]     综合检测 - 颜色: None, OCR: None
2026-03-19 01:50:20,484 [INFO]   操作序列 [5/5] 点击(964, 102)
2026-03-19 01:50:20,484 [INFO]   点击坐标 (964, 102)
2026-03-19 01:50:21,818 [WARNING]     PIL/numpy 未安装，跳过颜色检测
2026-03-19 01:50:21,849 [INFO]     OCR 识别文字: ''
2026-03-19 01:50:21,849 [INFO]     综合检测 - 颜色: None, OCR: None
2026-03-19 01:50:21,849 [INFO]   股票 QCOM 最终信号: 无信号
2026-03-19 01:50:21,850 [INFO] 
──────────────────────────────────────────────────
2026-03-19 01:50:21,850 [INFO] 监控完成，汇总结果：
2026-03-19 01:50:21,850 [INFO]   龙旗科技: 无信号
2026-03-19 01:50:21,850 [INFO]   AAPL: 无信号
2026-03-19 01:50:21,850 [INFO]   BRKB: 无信号
2026-03-19 01:50:21,850 [INFO]   D05: 无信号
2026-03-19 01:50:21,850 [INFO]   FCX: 无信号
2026-03-19 01:50:21,850 [INFO]   GLD: 无信号
2026-03-19 01:50:21,850 [INFO]   QCOM: 无信号
2026-03-19 01:50:23,840 [ERROR] ❌ 邮件发送失败: (535, b'5.7.8 Username and Password not accepted. For more information, go to\n5.7.8  https://support.google.com/mail/?p=BadCredentials 98e67ed59e1d1-35bc5ff6789sm292945a91.1 - gsmtp')
2026-03-19 01:50:23,847 [INFO] 全部完成！

2026-03-19 02:00:46,748 [INFO] 
############################################################
2026-03-19 02:00:46,749 [INFO] # 开始监控 - 2026-03-19 02:00:46 (晚上场)
2026-03-19 02:00:46,749 [INFO] ############################################################
2026-03-19 02:00:46,749 [INFO] 
==================================================
2026-03-19 02:00:46,749 [INFO] 处理股票: 龙旗科技 坐标(278, 272)
2026-03-19 02:00:46,749 [INFO]   点击坐标 (278, 272)
2026-03-19 02:00:50,823 [INFO]   操作序列 [1/5] 点击(1800, 110)
2026-03-19 02:00:50,826 [INFO]   点击坐标 (1800, 110)
2026-03-19 02:00:55,255 [WARNING]     PIL/numpy 未安装，跳过颜色检测
2026-03-19 02:00:55,316 [INFO]     OCR 识别文字: ''
2026-03-19 02:00:55,317 [INFO]     综合检测 - 颜色: None, OCR: None
2026-03-19 02:00:55,317 [INFO]   操作序列 [2/5] 点击(1878, 110)
2026-03-19 02:00:55,317 [INFO]   点击坐标 (1878, 110)
2026-03-19 02:00:59,648 [WARNING]     PIL/numpy 未安装，跳过颜色检测
2026-03-19 02:00:59,697 [INFO]     OCR 识别文字: ''
2026-03-19 02:00:59,697 [INFO]     综合检测 - 颜色: None, OCR: None
2026-03-19 02:00:59,697 [INFO]   操作序列 [3/5] 点击(1960, 110)
2026-03-19 02:00:59,697 [INFO]   点击坐标 (1960, 110)
2026-03-19 02:01:03,973 [WARNING]     PIL/numpy 未安装，跳过颜色检测
2026-03-19 02:01:04,034 [INFO]     OCR 识别文字: ''
2026-03-19 02:01:04,034 [INFO]     综合检测 - 颜色: None, OCR: None
2026-03-19 02:01:04,034 [INFO]   操作序列 [4/5] 点击(2028, 110)
2026-03-19 02:01:04,034 [INFO]   点击坐标 (2028, 110)
2026-03-19 02:01:08,307 [WARNING]     PIL/numpy 未安装，跳过颜色检测
2026-03-19 02:01:08,350 [INFO]     OCR 识别文字: ''
2026-03-19 02:01:08,350 [INFO]     综合检测 - 颜色: None, OCR: None
2026-03-19 02:01:08,350 [INFO]   操作序列 [5/5] 点击(964, 102)
2026-03-19 02:01:08,350 [INFO]   点击坐标 (964, 102)
2026-03-19 02:01:12,568 [WARNING]     PIL/numpy 未安装，跳过颜色检测
2026-03-19 02:01:12,660 [INFO]     OCR 识别文字: ''
2026-03-19 02:01:12,660 [INFO]     综合检测 - 颜色: None, OCR: None
2026-03-19 02:01:12,660 [INFO]   股票 龙旗科技 最终信号: 无信号
2026-03-19 02:01:12,660 [INFO] 
==================================================
2026-03-19 02:01:12,660 [INFO] 处理股票: AAPL 坐标(278, 362)
2026-03-19 02:01:12,660 [INFO]   点击坐标 (278, 362)
2026-03-19 02:05:33,871 [INFO] 
############################################################
2026-03-19 02:05:33,871 [INFO] # 开始监控 - 2026-03-19 02:05:33 (晚上场)
2026-03-19 02:05:33,871 [INFO] ############################################################
2026-03-19 02:05:33,871 [INFO] 
==================================================
2026-03-19 02:05:33,871 [INFO] 处理股票: 龙旗科技 坐标(278, 272)
2026-03-19 02:05:33,871 [INFO]   点击坐标 (278, 272)
2026-03-19 02:05:33,912 [ERROR] 处理 龙旗科技 时出错: Command '['cliclick', 'm:278,272 c:.']' returned non-zero exit status 1.
2026-03-19 02:05:33,912 [INFO] 
==================================================
2026-03-19 02:05:33,912 [INFO] 处理股票: AAPL 坐标(278, 362)
2026-03-19 02:05:33,912 [INFO]   点击坐标 (278, 362)
2026-03-19 02:05:33,942 [ERROR] 处理 AAPL 时出错: Command '['cliclick', 'm:278,362 c:.']' returned non-zero exit status 1.
2026-03-19 02:05:33,942 [INFO] 
==================================================
2026-03-19 02:05:33,942 [INFO] 处理股票: BRKB 坐标(278, 460)
2026-03-19 02:05:33,942 [INFO]   点击坐标 (278, 460)
2026-03-19 02:05:33,975 [ERROR] 处理 BRKB 时出错: Command '['cliclick', 'm:278,460 c:.']' returned non-zero exit status 1.
2026-03-19 02:05:33,976 [INFO] 
==================================================
2026-03-19 02:05:33,976 [INFO] 处理股票: D05 坐标(278, 554)
2026-03-19 02:05:33,976 [INFO]   点击坐标 (278, 554)
2026-03-19 02:05:34,007 [ERROR] 处理 D05 时出错: Command '['cliclick', 'm:278,554 c:.']' returned non-zero exit status 1.
2026-03-19 02:05:34,007 [INFO] 
==================================================
2026-03-19 02:05:34,007 [INFO] 处理股票: FCX 坐标(278, 650)
2026-03-19 02:05:34,007 [INFO]   点击坐标 (278, 650)
2026-03-19 02:05:34,042 [ERROR] 处理 FCX 时出错: Command '['cliclick', 'm:278,650 c:.']' returned non-zero exit status 1.
2026-03-19 02:05:34,042 [INFO] 
==================================================
2026-03-19 02:05:34,042 [INFO] 处理股票: GLD 坐标(278, 750)
2026-03-19 02:05:34,042 [INFO]   点击坐标 (278, 750)
2026-03-19 02:05:34,074 [ERROR] 处理 GLD 时出错: Command '['cliclick', 'm:278,750 c:.']' returned non-zero exit status 1.
2026-03-19 02:05:34,074 [INFO] 
==================================================
2026-03-19 02:05:34,074 [INFO] 处理股票: QCOM 坐标(278, 850)
2026-03-19 02:05:34,074 [INFO]   点击坐标 (278, 850)
2026-03-19 02:05:34,107 [ERROR] 处理 QCOM 时出错: Command '['cliclick', 'm:278,850 c:.']' returned non-zero exit status 1.
2026-03-19 02:05:34,107 [INFO] 
──────────────────────────────────────────────────
2026-03-19 02:05:34,107 [INFO] 监控完成，汇总结果：
2026-03-19 02:05:34,107 [INFO]   龙旗科技: 无信号
2026-03-19 02:05:34,107 [INFO]   AAPL: 无信号
2026-03-19 02:05:34,107 [INFO]   BRKB: 无信号
2026-03-19 02:05:34,107 [INFO]   D05: 无信号
2026-03-19 02:05:34,108 [INFO]   FCX: 无信号
2026-03-19 02:05:34,108 [INFO]   GLD: 无信号
2026-03-19 02:05:34,108 [INFO]   QCOM: 无信号
2026-03-19 02:05:35,869 [ERROR] ❌ 邮件发送失败: (535, b'5.7.8 Username and Password not accepted. For more information, go to\n5.7.8  https://support.google.com/mail/?p=BadCredentials d2e1a72fcca58-82a6bbbe8dbsm3438014b3a.32 - gsmtp')
2026-03-19 02:05:35,870 [INFO] 全部完成！

2026-03-19 02:05:41,118 [INFO] 
############################################################
2026-03-19 02:05:41,118 [INFO] # 开始监控 - 2026-03-19 02:05:41 (晚上场)
2026-03-19 02:05:41,118 [INFO] ############################################################
2026-03-19 02:05:41,118 [INFO] 
==================================================
2026-03-19 02:05:41,118 [INFO] 处理股票: 龙旗科技 坐标(278, 272)
2026-03-19 02:05:41,119 [INFO]   点击坐标 (278, 272)
2026-03-19 02:05:41,153 [ERROR] 处理 龙旗科技 时出错: Command '['cliclick', 'm:278,272 c:.']' returned non-zero exit status 1.
2026-03-19 02:05:41,153 [INFO] 
==================================================
2026-03-19 02:05:41,153 [INFO] 处理股票: AAPL 坐标(278, 362)
2026-03-19 02:05:41,153 [INFO]   点击坐标 (278, 362)
2026-03-19 02:05:41,199 [ERROR] 处理 AAPL 时出错: Command '['cliclick', 'm:278,362 c:.']' returned non-zero exit status 1.
2026-03-19 02:05:41,200 [INFO] 
==================================================
2026-03-19 02:05:41,200 [INFO] 处理股票: BRKB 坐标(278, 460)
2026-03-19 02:05:41,200 [INFO]   点击坐标 (278, 460)
2026-03-19 02:05:41,235 [ERROR] 处理 BRKB 时出错: Command '['cliclick', 'm:278,460 c:.']' returned non-zero exit status 1.
2026-03-19 02:05:41,235 [INFO] 
==================================================
2026-03-19 02:05:41,235 [INFO] 处理股票: D05 坐标(278, 554)
2026-03-19 02:05:41,235 [INFO]   点击坐标 (278, 554)
2026-03-19 02:05:41,308 [ERROR] 处理 D05 时出错: Command '['cliclick', 'm:278,554 c:.']' returned non-zero exit status 1.
2026-03-19 02:05:41,309 [INFO] 
==================================================
2026-03-19 02:05:41,309 [INFO] 处理股票: FCX 坐标(278, 650)
2026-03-19 02:05:41,309 [INFO]   点击坐标 (278, 650)
2026-03-19 02:05:41,338 [ERROR] 处理 FCX 时出错: Command '['cliclick', 'm:278,650 c:.']' returned non-zero exit status 1.
2026-03-19 02:05:41,339 [INFO] 
==================================================
2026-03-19 02:05:41,339 [INFO] 处理股票: GLD 坐标(278, 750)
2026-03-19 02:05:41,339 [INFO]   点击坐标 (278, 750)
2026-03-19 02:05:41,388 [ERROR] 处理 GLD 时出错: Command '['cliclick', 'm:278,750 c:.']' returned non-zero exit status 1.
2026-03-19 02:05:41,388 [INFO] 
==================================================
2026-03-19 02:05:41,388 [INFO] 处理股票: QCOM 坐标(278, 850)
2026-03-19 02:05:41,388 [INFO]   点击坐标 (278, 850)
2026-03-19 02:05:41,421 [ERROR] 处理 QCOM 时出错: Command '['cliclick', 'm:278,850 c:.']' returned non-zero exit status 1.
2026-03-19 02:05:41,421 [INFO] 
──────────────────────────────────────────────────
2026-03-19 02:05:41,421 [INFO] 监控完成，汇总结果：
2026-03-19 02:05:41,421 [INFO]   龙旗科技: 无信号
2026-03-19 02:05:41,422 [INFO]   AAPL: 无信号
2026-03-19 02:05:41,422 [INFO]   BRKB: 无信号
2026-03-19 02:05:41,422 [INFO]   D05: 无信号
2026-03-19 02:05:41,422 [INFO]   FCX: 无信号
2026-03-19 02:05:41,422 [INFO]   GLD: 无信号
2026-03-19 02:05:41,422 [INFO]   QCOM: 无信号
2026-03-19 02:05:44,305 [ERROR] ❌ 邮件发送失败: (535, b'5.7.8 Username and Password not accepted. For more information, go to\n5.7.8  https://support.google.com/mail/?p=BadCredentials 98e67ed59e1d1-35bc62b52b5sm274398a91.1 - gsmtp')
2026-03-19 02:05:44,306 [INFO] 全部完成！

2026-03-19 02:08:28,331 [INFO] 
############################################################
2026-03-19 02:08:28,331 [INFO] # 开始监控 - 2026-03-19 02:08:28 (晚上场)
2026-03-19 02:08:28,331 [INFO] ############################################################
2026-03-19 02:08:28,331 [INFO] 
==================================================
2026-03-19 02:08:28,331 [INFO] 处理股票: 龙旗科技 坐标(278, 272)
2026-03-19 02:08:28,331 [INFO]   点击坐标 (278, 272)
2026-03-19 02:08:32,538 [INFO]   操作序列 第 1/6 步 -> 即将点击 (1712, 110)
2026-03-19 02:08:32,539 [INFO]   点击坐标 (1712, 110)
2026-03-19 02:08:37,024 [WARNING]     PIL/numpy 未安装，跳过颜色检测
2026-03-19 02:08:37,078 [INFO]     OCR 识别文字: ''
2026-03-19 02:08:37,078 [INFO]     综合检测 - 颜色: None, OCR: None
2026-03-19 02:08:37,078 [INFO]   操作序列 第 2/6 步 -> 即将点击 (1798, 110)
2026-03-19 02:08:37,078 [INFO]   点击坐标 (1798, 110)
2026-03-19 02:08:41,447 [WARNING]     PIL/numpy 未安装，跳过颜色检测
2026-03-19 02:08:41,520 [INFO]     OCR 识别文字: ''
2026-03-19 02:08:41,520 [INFO]     综合检测 - 颜色: None, OCR: None
2026-03-19 02:08:41,520 [INFO]   操作序列 第 3/6 步 -> 即将点击 (1872, 110)
2026-03-19 02:08:41,520 [INFO]   点击坐标 (1872, 110)
2026-03-19 02:08:45,924 [WARNING]     PIL/numpy 未安装，跳过颜色检测
2026-03-19 02:08:45,979 [INFO]     OCR 识别文字: ''
2026-03-19 02:08:45,979 [INFO]     综合检测 - 颜色: None, OCR: None
2026-03-19 02:08:45,980 [INFO]   操作序列 第 4/6 步 -> 即将点击 (1964, 110)
2026-03-19 02:08:45,980 [INFO]   点击坐标 (1964, 110)
2026-03-19 02:08:50,367 [WARNING]     PIL/numpy 未安装，跳过颜色检测
2026-03-19 02:08:50,417 [INFO]     OCR 识别文字: ''
2026-03-19 02:08:50,417 [INFO]     综合检测 - 颜色: None, OCR: None
2026-03-19 02:08:50,417 [INFO]   操作序列 第 5/6 步 -> 即将点击 (2030, 110)
2026-03-19 02:08:50,417 [INFO]   点击坐标 (2030, 110)
2026-03-19 02:08:54,844 [WARNING]     PIL/numpy 未安装，跳过颜色检测
2026-03-19 02:08:54,898 [INFO]     OCR 识别文字: ''
2026-03-19 02:08:54,899 [INFO]     综合检测 - 颜色: None, OCR: None
2026-03-19 02:08:54,899 [INFO]   操作序列 第 6/6 步 -> 即将点击 (956, 102)
2026-03-19 02:08:54,899 [INFO]   点击坐标 (956, 102)
2026-03-19 02:12:21,008 [INFO] 
############################################################
2026-03-19 02:12:21,009 [INFO] # 开始监控 - 2026-03-19 02:12:21 (晚上场)
2026-03-19 02:12:21,009 [INFO] ############################################################
2026-03-19 02:12:21,009 [INFO] 
==================================================
2026-03-19 02:12:21,009 [INFO] 处理股票: 龙旗科技 坐标(145, 130)
2026-03-19 02:12:21,009 [INFO]   点击坐标 (145, 130)
2026-03-19 02:12:25,170 [INFO]   操作序列 第 1/6 步 -> 即将点击 (1712, 110)
2026-03-19 02:12:25,171 [INFO]   点击坐标 (1712, 110)
2026-03-19 02:12:29,654 [WARNING]     PIL/numpy 未安装，跳过颜色检测
2026-03-19 02:12:29,714 [INFO]     OCR 识别文字: ''
2026-03-19 02:12:29,714 [INFO]     综合检测 - 颜色: None, OCR: None
2026-03-19 02:12:29,714 [INFO]   操作序列 第 2/6 步 -> 即将点击 (1798, 110)
2026-03-19 02:12:29,714 [INFO]   点击坐标 (1798, 110)
2026-03-19 02:12:34,166 [WARNING]     PIL/numpy 未安装，跳过颜色检测
2026-03-19 02:12:34,213 [INFO]     OCR 识别文字: ''
2026-03-19 02:12:34,213 [INFO]     综合检测 - 颜色: None, OCR: None
2026-03-19 02:12:34,213 [INFO]   操作序列 第 3/6 步 -> 即将点击 (1872, 110)
2026-03-19 02:12:34,213 [INFO]   点击坐标 (1872, 110)
2026-03-19 02:12:38,612 [WARNING]     PIL/numpy 未安装，跳过颜色检测
2026-03-19 02:12:38,660 [INFO]     OCR 识别文字: ''
2026-03-19 02:12:38,660 [INFO]     综合检测 - 颜色: None, OCR: None
2026-03-19 02:12:38,660 [INFO]   操作序列 第 4/6 步 -> 即将点击 (1964, 110)
2026-03-19 02:12:38,660 [INFO]   点击坐标 (1964, 110)
2026-03-19 02:13:30,198 [INFO] 
############################################################
2026-03-19 02:13:30,199 [INFO] # 开始监控 - 2026-03-19 02:13:30 (晚上场)
2026-03-19 02:13:30,199 [INFO] ############################################################
2026-03-19 02:13:30,199 [INFO] 
==================================================
2026-03-19 02:13:30,199 [INFO] 处理股票: 龙旗科技 坐标(145, 130)
2026-03-19 02:13:30,199 [INFO]   点击坐标 (145, 130)
2026-03-19 02:13:31,890 [INFO]   操作序列 第 1/6 步 -> 即将点击 (1712, 110)
2026-03-19 02:13:31,890 [INFO]   点击坐标 (1712, 110)
2026-03-19 02:13:33,887 [WARNING]     PIL/numpy 未安装，跳过颜色检测
2026-03-19 02:13:33,940 [INFO]     OCR 识别文字: ''
2026-03-19 02:13:33,940 [INFO]     综合检测 - 颜色: None, OCR: None
2026-03-19 02:13:33,940 [INFO]   操作序列 第 2/6 步 -> 即将点击 (1798, 110)
2026-03-19 02:13:33,940 [INFO]   点击坐标 (1798, 110)
2026-03-19 02:13:35,879 [WARNING]     PIL/numpy 未安装，跳过颜色检测
2026-03-19 02:13:35,925 [INFO]     OCR 识别文字: ''
2026-03-19 02:13:35,925 [INFO]     综合检测 - 颜色: None, OCR: None
2026-03-19 02:13:35,925 [INFO]   操作序列 第 3/6 步 -> 即将点击 (1872, 110)
2026-03-19 02:13:35,925 [INFO]   点击坐标 (1872, 110)
2026-03-19 02:13:37,871 [WARNING]     PIL/numpy 未安装，跳过颜色检测
2026-03-19 02:13:37,924 [INFO]     OCR 识别文字: ''
2026-03-19 02:13:37,924 [INFO]     综合检测 - 颜色: None, OCR: None
2026-03-19 02:13:37,924 [INFO]   操作序列 第 4/6 步 -> 即将点击 (1964, 110)
2026-03-19 02:13:37,924 [INFO]   点击坐标 (1964, 110)
2026-03-19 02:13:39,846 [WARNING]     PIL/numpy 未安装，跳过颜色检测
2026-03-19 02:13:39,896 [INFO]     OCR 识别文字: ''
2026-03-19 02:13:39,896 [INFO]     综合检测 - 颜色: None, OCR: None
2026-03-19 02:13:39,896 [INFO]   操作序列 第 5/6 步 -> 即将点击 (2030, 110)
2026-03-19 02:13:39,896 [INFO]   点击坐标 (2030, 110)
2026-03-19 02:13:41,859 [WARNING]     PIL/numpy 未安装，跳过颜色检测
2026-03-19 02:13:41,906 [INFO]     OCR 识别文字: ''
2026-03-19 02:13:41,906 [INFO]     综合检测 - 颜色: None, OCR: None
2026-03-19 02:13:41,906 [INFO]   操作序列 第 6/6 步 -> 即将点击 (956, 102)
2026-03-19 02:13:41,906 [INFO]   点击坐标 (956, 102)
2026-03-19 02:13:43,811 [WARNING]     PIL/numpy 未安装，跳过颜色检测
2026-03-19 02:13:43,859 [INFO]     OCR 识别文字: ''
2026-03-19 02:13:43,860 [INFO]     综合检测 - 颜色: None, OCR: None
2026-03-19 02:13:43,860 [INFO]   股票 龙旗科技 最终信号: 无信号
2026-03-19 02:13:43,860 [INFO] 
==================================================
2026-03-19 02:13:43,860 [INFO] 处理股票: AAPL 坐标(140, 174)
2026-03-19 02:13:43,860 [INFO]   点击坐标 (140, 174)
2026-03-19 02:13:45,539 [INFO]   操作序列 第 1/6 步 -> 即将点击 (1712, 110)
2026-03-19 02:13:45,540 [INFO]   点击坐标 (1712, 110)
2026-03-19 02:13:47,521 [WARNING]     PIL/numpy 未安装，跳过颜色检测
2026-03-19 02:13:47,567 [INFO]     OCR 识别文字: ''
2026-03-19 02:13:47,567 [INFO]     综合检测 - 颜色: None, OCR: None
2026-03-19 02:13:47,567 [INFO]   操作序列 第 2/6 步 -> 即将点击 (1798, 110)
2026-03-19 02:13:47,567 [INFO]   点击坐标 (1798, 110)
2026-03-19 02:13:49,498 [WARNING]     PIL/numpy 未安装，跳过颜色检测
2026-03-19 02:13:49,554 [INFO]     OCR 识别文字: ''
2026-03-19 02:13:49,555 [INFO]     综合检测 - 颜色: None, OCR: None
2026-03-19 02:13:49,555 [INFO]   操作序列 第 3/6 步 -> 即将点击 (1872, 110)
2026-03-19 02:13:49,555 [INFO]   点击坐标 (1872, 110)
2026-03-19 02:13:51,466 [WARNING]     PIL/numpy 未安装，跳过颜色检测
2026-03-19 02:13:51,513 [INFO]     OCR 识别文字: ''
2026-03-19 02:13:51,513 [INFO]     综合检测 - 颜色: None, OCR: None
2026-03-19 02:13:51,513 [INFO]   操作序列 第 4/6 步 -> 即将点击 (1964, 110)
2026-03-19 02:13:51,513 [INFO]   点击坐标 (1964, 110)
2026-03-19 02:13:53,436 [WARNING]     PIL/numpy 未安装，跳过颜色检测
2026-03-19 02:13:53,482 [INFO]     OCR 识别文字: ''
2026-03-19 02:13:53,483 [INFO]     综合检测 - 颜色: None, OCR: None
2026-03-19 02:13:53,483 [INFO]   操作序列 第 5/6 步 -> 即将点击 (2030, 110)
2026-03-19 02:13:53,483 [INFO]   点击坐标 (2030, 110)
2026-03-19 02:13:55,421 [WARNING]     PIL/numpy 未安装，跳过颜色检测
2026-03-19 02:13:55,468 [INFO]     OCR 识别文字: ''
2026-03-19 02:13:55,468 [INFO]     综合检测 - 颜色: None, OCR: None
2026-03-19 02:13:55,468 [INFO]   操作序列 第 6/6 步 -> 即将点击 (956, 102)
2026-03-19 02:13:55,468 [INFO]   点击坐标 (956, 102)
2026-03-19 02:13:57,424 [WARNING]     PIL/numpy 未安装，跳过颜色检测
2026-03-19 02:13:57,467 [INFO]     OCR 识别文字: ''
2026-03-19 02:13:57,467 [INFO]     综合检测 - 颜色: None, OCR: None
2026-03-19 02:13:57,467 [INFO]   股票 AAPL 最终信号: 无信号
2026-03-19 02:13:57,467 [INFO] 
==================================================
2026-03-19 02:13:57,467 [INFO] 处理股票: BRKB 坐标(147, 238)
2026-03-19 02:13:57,468 [INFO]   点击坐标 (147, 238)
2026-03-19 02:13:59,162 [INFO]   操作序列 第 1/6 步 -> 即将点击 (1712, 110)
2026-03-19 02:13:59,163 [INFO]   点击坐标 (1712, 110)
2026-03-19 02:14:01,198 [WARNING]     PIL/numpy 未安装，跳过颜色检测
2026-03-19 02:14:01,246 [INFO]     OCR 识别文字: ''
2026-03-19 02:14:01,246 [INFO]     综合检测 - 颜色: None, OCR: None
2026-03-19 02:14:01,246 [INFO]   操作序列 第 2/6 步 -> 即将点击 (1798, 110)
2026-03-19 02:14:01,246 [INFO]   点击坐标 (1798, 110)
2026-03-19 02:14:03,190 [WARNING]     PIL/numpy 未安装，跳过颜色检测
2026-03-19 02:14:03,234 [INFO]     OCR 识别文字: ''
2026-03-19 02:14:03,234 [INFO]     综合检测 - 颜色: None, OCR: None
2026-03-19 02:14:03,234 [INFO]   操作序列 第 3/6 步 -> 即将点击 (1872, 110)
2026-03-19 02:14:03,234 [INFO]   点击坐标 (1872, 110)
2026-03-19 02:14:05,159 [WARNING]     PIL/numpy 未安装，跳过颜色检测
2026-03-19 02:14:05,206 [INFO]     OCR 识别文字: ''
2026-03-19 02:14:05,206 [INFO]     综合检测 - 颜色: None, OCR: None
2026-03-19 02:14:05,206 [INFO]   操作序列 第 4/6 步 -> 即将点击 (1964, 110)
2026-03-19 02:14:05,206 [INFO]   点击坐标 (1964, 110)
2026-03-19 02:14:07,209 [WARNING]     PIL/numpy 未安装，跳过颜色检测
2026-03-19 02:14:07,259 [INFO]     OCR 识别文字: ''
2026-03-19 02:14:07,259 [INFO]     综合检测 - 颜色: None, OCR: None
2026-03-19 02:14:07,259 [INFO]   操作序列 第 5/6 步 -> 即将点击 (2030, 110)
2026-03-19 02:14:07,259 [INFO]   点击坐标 (2030, 110)
2026-03-19 02:14:09,185 [WARNING]     PIL/numpy 未安装，跳过颜色检测
2026-03-19 02:14:09,229 [INFO]     OCR 识别文字: ''
2026-03-19 02:14:09,229 [INFO]     综合检测 - 颜色: None, OCR: None
2026-03-19 02:14:09,229 [INFO]   操作序列 第 6/6 步 -> 即将点击 (956, 102)
2026-03-19 02:14:09,229 [INFO]   点击坐标 (956, 102)
2026-03-19 02:14:11,202 [WARNING]     PIL/numpy 未安装，跳过颜色检测
2026-03-19 02:14:11,250 [INFO]     OCR 识别文字: ''
2026-03-19 02:14:11,250 [INFO]     综合检测 - 颜色: None, OCR: None
2026-03-19 02:14:11,250 [INFO]   股票 BRKB 最终信号: 无信号
2026-03-19 02:14:11,250 [INFO] 
==================================================
2026-03-19 02:14:11,250 [INFO] 处理股票: D05 坐标(163, 269)
2026-03-19 02:14:11,250 [INFO]   点击坐标 (163, 269)
2026-03-19 02:14:12,913 [INFO]   操作序列 第 1/6 步 -> 即将点击 (1712, 110)
2026-03-19 02:14:12,914 [INFO]   点击坐标 (1712, 110)
2026-03-19 02:16:24,423 [INFO] 
############################################################
2026-03-19 02:16:24,424 [INFO] # 开始监控 - 2026-03-19 02:16:24 (晚上场)
2026-03-19 02:16:24,424 [INFO] ############################################################
2026-03-19 02:16:24,424 [INFO] 
==================================================
2026-03-19 02:16:24,424 [INFO] 处理股票: 龙旗科技 坐标(154, 174)
2026-03-19 02:16:24,424 [INFO]   点击坐标 (154, 174)
2026-03-19 02:16:26,095 [INFO]   操作序列 第 1/6 步 -> 即将点击 (1712, 110)
2026-03-19 02:16:26,095 [INFO]   点击坐标 (1712, 110)
2026-03-19 02:16:28,129 [WARNING]     PIL/numpy 未安装，跳过颜色检测
2026-03-19 02:16:28,187 [INFO]     OCR 识别文字: ''
2026-03-19 02:16:28,187 [INFO]     综合检测 - 颜色: None, OCR: None
2026-03-19 02:16:28,187 [INFO]   操作序列 第 2/6 步 -> 即将点击 (1798, 110)
2026-03-19 02:16:28,187 [INFO]   点击坐标 (1798, 110)
2026-03-19 02:16:30,081 [WARNING]     PIL/numpy 未安装，跳过颜色检测
2026-03-19 02:16:30,127 [INFO]     OCR 识别文字: ''
2026-03-19 02:16:30,127 [INFO]     综合检测 - 颜色: None, OCR: None
2026-03-19 02:16:30,127 [INFO]   操作序列 第 3/6 步 -> 即将点击 (1872, 110)
2026-03-19 02:16:30,127 [INFO]   点击坐标 (1872, 110)
2026-03-19 02:18:24,806 [INFO] 
############################################################
2026-03-19 02:18:24,806 [INFO] # 开始监控 - 2026-03-19 02:18:24 (晚上场)
2026-03-19 02:18:24,806 [INFO] ############################################################
2026-03-19 02:18:24,806 [INFO] 
==================================================
2026-03-19 02:18:24,806 [INFO] 处理股票: 龙旗科技 坐标(154, 174)
2026-03-19 02:18:24,807 [INFO]   点击坐标 (154, 174)
2026-03-19 02:18:26,500 [INFO]   操作序列 第 1/6 步 -> 即将点击 (841, 87)
2026-03-19 02:18:26,503 [INFO]   点击坐标 (841, 87)
2026-03-19 02:18:28,494 [WARNING]     PIL/numpy 未安装，跳过颜色检测
2026-03-19 02:18:28,557 [INFO]     OCR 识别文字: ''
2026-03-19 02:18:28,557 [INFO]     综合检测 - 颜色: None, OCR: None
2026-03-19 02:18:28,557 [INFO]   操作序列 第 2/6 步 -> 即将点击 (879, 91)
2026-03-19 02:18:28,557 [INFO]   点击坐标 (879, 91)
2026-03-19 02:18:30,506 [WARNING]     PIL/numpy 未安装，跳过颜色检测
2026-03-19 02:18:30,550 [INFO]     OCR 识别文字: ''
2026-03-19 02:18:30,550 [INFO]     综合检测 - 颜色: None, OCR: None
2026-03-19 02:18:30,550 [INFO]   操作序列 第 3/6 步 -> 即将点击 (913, 85)
2026-03-19 02:18:30,550 [INFO]   点击坐标 (913, 85)
2026-03-19 02:18:32,472 [WARNING]     PIL/numpy 未安装，跳过颜色检测
2026-03-19 02:18:32,518 [INFO]     OCR 识别文字: ''
2026-03-19 02:18:32,518 [INFO]     综合检测 - 颜色: None, OCR: None
2026-03-19 02:18:32,519 [INFO]   操作序列 第 4/6 步 -> 即将点击 (946, 88)
2026-03-19 02:18:32,519 [INFO]   点击坐标 (946, 88)
2026-03-19 02:18:34,463 [WARNING]     PIL/numpy 未安装，跳过颜色检测
2026-03-19 02:18:34,507 [INFO]     OCR 识别文字: ''
2026-03-19 02:18:34,507 [INFO]     综合检测 - 颜色: None, OCR: None
2026-03-19 02:18:34,507 [INFO]   操作序列 第 5/6 步 -> 即将点击 (992, 87)
2026-03-19 02:18:34,507 [INFO]   点击坐标 (992, 87)
2026-03-19 02:18:36,438 [WARNING]     PIL/numpy 未安装，跳过颜色检测
2026-03-19 02:18:36,489 [INFO]     OCR 识别文字: ''
2026-03-19 02:18:36,489 [INFO]     综合检测 - 颜色: None, OCR: None
2026-03-19 02:18:36,489 [INFO]   操作序列 第 6/6 步 -> 即将点击 (460, 87)
2026-03-19 02:18:36,489 [INFO]   点击坐标 (460, 87)
2026-03-19 02:18:38,409 [WARNING]     PIL/numpy 未安装，跳过颜色检测
2026-03-19 02:18:38,453 [INFO]     OCR 识别文字: ''
2026-03-19 02:18:38,453 [INFO]     综合检测 - 颜色: None, OCR: None
2026-03-19 02:18:38,453 [INFO]   股票 龙旗科技 最终信号: 无信号
2026-03-19 02:18:38,453 [INFO] 
==================================================
2026-03-19 02:18:38,453 [INFO] 处理股票: AAPL 坐标(143, 225)
2026-03-19 02:18:38,453 [INFO]   点击坐标 (143, 225)
2026-03-19 02:18:40,133 [INFO]   操作序列 第 1/6 步 -> 即将点击 (841, 87)
2026-03-19 02:18:40,134 [INFO]   点击坐标 (841, 87)
2026-03-19 02:18:42,126 [WARNING]     PIL/numpy 未安装，跳过颜色检测
2026-03-19 02:18:42,173 [INFO]     OCR 识别文字: ''
2026-03-19 02:18:42,174 [INFO]     综合检测 - 颜色: None, OCR: None
2026-03-19 02:18:42,174 [INFO]   操作序列 第 2/6 步 -> 即将点击 (879, 91)
2026-03-19 02:18:42,174 [INFO]   点击坐标 (879, 91)
2026-03-19 02:18:44,093 [WARNING]     PIL/numpy 未安装，跳过颜色检测
2026-03-19 02:18:44,149 [INFO]     OCR 识别文字: ''
2026-03-19 02:18:44,149 [INFO]     综合检测 - 颜色: None, OCR: None
2026-03-19 02:18:44,149 [INFO]   操作序列 第 3/6 步 -> 即将点击 (913, 85)
2026-03-19 02:18:44,149 [INFO]   点击坐标 (913, 85)
2026-03-19 02:18:46,043 [WARNING]     PIL/numpy 未安装，跳过颜色检测
2026-03-19 02:18:46,098 [INFO]     OCR 识别文字: ''
2026-03-19 02:18:46,098 [INFO]     综合检测 - 颜色: None, OCR: None
2026-03-19 02:18:46,098 [INFO]   操作序列 第 4/6 步 -> 即将点击 (946, 88)
2026-03-19 02:18:46,098 [INFO]   点击坐标 (946, 88)
2026-03-19 02:18:48,036 [WARNING]     PIL/numpy 未安装，跳过颜色检测
2026-03-19 02:18:48,086 [INFO]     OCR 识别文字: ''
2026-03-19 02:18:48,086 [INFO]     综合检测 - 颜色: None, OCR: None
2026-03-19 02:18:48,086 [INFO]   操作序列 第 5/6 步 -> 即将点击 (992, 87)
2026-03-19 02:18:48,086 [INFO]   点击坐标 (992, 87)
2026-03-19 02:18:50,012 [WARNING]     PIL/numpy 未安装，跳过颜色检测
2026-03-19 02:18:50,078 [INFO]     OCR 识别文字: ''
2026-03-19 02:18:50,079 [INFO]     综合检测 - 颜色: None, OCR: None
2026-03-19 02:18:50,079 [INFO]   操作序列 第 6/6 步 -> 即将点击 (460, 87)
2026-03-19 02:18:50,079 [INFO]   点击坐标 (460, 87)
2026-03-19 02:18:51,964 [WARNING]     PIL/numpy 未安装，跳过颜色检测
2026-03-19 02:18:52,015 [INFO]     OCR 识别文字: ''
2026-03-19 02:18:52,015 [INFO]     综合检测 - 颜色: None, OCR: None
2026-03-19 02:18:52,015 [INFO]   股票 AAPL 最终信号: 无信号
2026-03-19 02:18:52,015 [INFO] 
==================================================
2026-03-19 02:18:52,015 [INFO] 处理股票: BRKB 坐标(150, 278)
2026-03-19 02:18:52,015 [INFO]   点击坐标 (150, 278)
2026-03-19 02:18:53,695 [INFO]   操作序列 第 1/6 步 -> 即将点击 (841, 87)
2026-03-19 02:18:53,696 [INFO]   点击坐标 (841, 87)
2026-03-19 02:18:55,679 [WARNING]     PIL/numpy 未安装，跳过颜色检测
2026-03-19 02:18:55,724 [INFO]     OCR 识别文字: ''
2026-03-19 02:18:55,724 [INFO]     综合检测 - 颜色: None, OCR: None
2026-03-19 02:18:55,724 [INFO]   操作序列 第 2/6 步 -> 即将点击 (879, 91)
2026-03-19 02:18:55,724 [INFO]   点击坐标 (879, 91)
2026-03-19 02:18:57,672 [WARNING]     PIL/numpy 未安装，跳过颜色检测
2026-03-19 02:18:57,761 [INFO]     OCR 识别文字: ''
2026-03-19 02:18:57,762 [INFO]     综合检测 - 颜色: None, OCR: None
2026-03-19 02:18:57,762 [INFO]   操作序列 第 3/6 步 -> 即将点击 (913, 85)
2026-03-19 02:18:57,762 [INFO]   点击坐标 (913, 85)
2026-03-19 02:18:59,727 [WARNING]     PIL/numpy 未安装，跳过颜色检测
2026-03-19 02:18:59,774 [INFO]     OCR 识别文字: ''
2026-03-19 02:18:59,774 [INFO]     综合检测 - 颜色: None, OCR: None
2026-03-19 02:18:59,774 [INFO]   操作序列 第 4/6 步 -> 即将点击 (946, 88)
2026-03-19 02:18:59,774 [INFO]   点击坐标 (946, 88)
2026-03-19 02:19:01,715 [WARNING]     PIL/numpy 未安装，跳过颜色检测
2026-03-19 02:19:01,755 [INFO]     OCR 识别文字: ''
2026-03-19 02:19:01,755 [INFO]     综合检测 - 颜色: None, OCR: None
2026-03-19 02:19:01,755 [INFO]   操作序列 第 5/6 步 -> 即将点击 (992, 87)
2026-03-19 02:19:01,755 [INFO]   点击坐标 (992, 87)
2026-03-19 02:19:03,709 [WARNING]     PIL/numpy 未安装，跳过颜色检测
2026-03-19 02:19:03,760 [INFO]     OCR 识别文字: ''
2026-03-19 02:19:03,760 [INFO]     综合检测 - 颜色: None, OCR: None
2026-03-19 02:19:03,760 [INFO]   操作序列 第 6/6 步 -> 即将点击 (460, 87)
2026-03-19 02:19:03,760 [INFO]   点击坐标 (460, 87)
2026-03-19 02:19:05,709 [WARNING]     PIL/numpy 未安装，跳过颜色检测
2026-03-19 02:19:05,758 [INFO]     OCR 识别文字: ''
2026-03-19 02:19:05,759 [INFO]     综合检测 - 颜色: None, OCR: None
2026-03-19 02:19:05,759 [INFO]   股票 BRKB 最终信号: 无信号
2026-03-19 02:19:05,759 [INFO] 
==================================================
2026-03-19 02:19:05,759 [INFO] 处理股票: D05 坐标(170, 316)
2026-03-19 02:19:05,759 [INFO]   点击坐标 (170, 316)
2026-03-19 02:19:07,438 [INFO]   操作序列 第 1/6 步 -> 即将点击 (841, 87)
2026-03-19 02:19:07,440 [INFO]   点击坐标 (841, 87)
2026-03-19 02:19:09,419 [WARNING]     PIL/numpy 未安装，跳过颜色检测
2026-03-19 02:19:09,464 [INFO]     OCR 识别文字: ''
2026-03-19 02:19:09,465 [INFO]     综合检测 - 颜色: None, OCR: None
2026-03-19 02:19:09,465 [INFO]   操作序列 第 2/6 步 -> 即将点击 (879, 91)
2026-03-19 02:19:09,465 [INFO]   点击坐标 (879, 91)
2026-03-19 02:19:11,401 [WARNING]     PIL/numpy 未安装，跳过颜色检测
2026-03-19 02:19:11,446 [INFO]     OCR 识别文字: ''
2026-03-19 02:19:11,446 [INFO]     综合检测 - 颜色: None, OCR: None
2026-03-19 02:19:11,446 [INFO]   操作序列 第 3/6 步 -> 即将点击 (913, 85)
2026-03-19 02:19:11,446 [INFO]   点击坐标 (913, 85)
2026-03-19 02:19:13,384 [WARNING]     PIL/numpy 未安装，跳过颜色检测
2026-03-19 02:19:13,440 [INFO]     OCR 识别文字: ''
2026-03-19 02:19:13,440 [INFO]     综合检测 - 颜色: None, OCR: None
2026-03-19 02:19:13,440 [INFO]   操作序列 第 4/6 步 -> 即将点击 (946, 88)
2026-03-19 02:19:13,440 [INFO]   点击坐标 (946, 88)
2026-03-19 02:19:15,380 [WARNING]     PIL/numpy 未安装，跳过颜色检测
2026-03-19 02:19:15,435 [INFO]     OCR 识别文字: ''
2026-03-19 02:19:15,435 [INFO]     综合检测 - 颜色: None, OCR: None
2026-03-19 02:19:15,435 [INFO]   操作序列 第 5/6 步 -> 即将点击 (992, 87)
2026-03-19 02:19:15,435 [INFO]   点击坐标 (992, 87)
2026-03-19 02:19:17,371 [WARNING]     PIL/numpy 未安装，跳过颜色检测
2026-03-19 02:19:17,415 [INFO]     OCR 识别文字: ''
2026-03-19 02:19:17,415 [INFO]     综合检测 - 颜色: None, OCR: None
2026-03-19 02:19:17,415 [INFO]   操作序列 第 6/6 步 -> 即将点击 (460, 87)
2026-03-19 02:19:17,415 [INFO]   点击坐标 (460, 87)
2026-03-19 02:19:19,325 [WARNING]     PIL/numpy 未安装，跳过颜色检测
2026-03-19 02:19:19,371 [INFO]     OCR 识别文字: ''
2026-03-19 02:19:19,372 [INFO]     综合检测 - 颜色: None, OCR: None
2026-03-19 02:19:19,372 [INFO]   股票 D05 最终信号: 无信号
2026-03-19 02:19:19,372 [INFO] 
──────────────────────────────────────────────────
2026-03-19 02:19:19,372 [INFO] 监控完成，汇总结果：
2026-03-19 02:19:19,372 [INFO]   龙旗科技: 无信号
2026-03-19 02:19:19,372 [INFO]   AAPL: 无信号
2026-03-19 02:19:19,372 [INFO]   BRKB: 无信号
2026-03-19 02:19:19,372 [INFO]   D05: 无信号
2026-03-19 02:19:22,036 [ERROR] ❌ 邮件发送失败: (535, b'5.7.8 Username and Password not accepted. For more information, go to\n5.7.8  https://support.google.com/mail/?p=BadCredentials d9443c01a7336-2b06e5f12d9sm32705305ad.39 - gsmtp')
2026-03-19 02:19:22,037 [INFO] 全部完成！

